<?xml version="1.0" encoding="UTF-8"?>
<!-- Generated by org.testng.reporters.JUnitReportReporter -->
<testsuite hostname="KennyMoonlay" failures="0" tests="10" name="KennyRamadhan.FlipTest.e2eMobile" time="202.414" errors="0" timestamp="2024-04-03T04:15:02 WIB" skipped="0">
  <testcase classname="KennyRamadhan.FlipTest.e2eMobile" name="addMultipleProducts" time="17.232">
    <system-out>
      <![CDATA[Success Login]]>
    </system-out>
  </testcase> <!-- addMultipleProducts -->
  <testcase classname="KennyRamadhan.FlipTest.e2eMobile" name="login" time="13.585">
    <system-out>
      <![CDATA[Success Login]]>
    </system-out>
  </testcase> <!-- login -->
  <testcase classname="KennyRamadhan.FlipTest.e2eMobile" name="failedLogin" time="13.974">
    <system-out>
      <![CDATA[Failed Login]]>
    </system-out>
  </testcase> <!-- failedLogin -->
  <testcase classname="KennyRamadhan.FlipTest.e2eMobile" name="redirectionToProductListing" time="20.806">
    <system-out>
      <![CDATA[Success Login
Success Back To List Products]]>
    </system-out>
  </testcase> <!-- redirectionToProductListing -->
  <testcase classname="KennyRamadhan.FlipTest.e2eMobile" name="addProductsFromDetails" time="20.952">
    <system-out>
      <![CDATA[Success Login
Displayed Products : Sauce Labs Backpack]]>
    </system-out>
  </testcase> <!-- addProductsFromDetails -->
  <testcase classname="KennyRamadhan.FlipTest.e2eMobile" name="sortingPrice" time="17.501">
    <system-out>
      <![CDATA[Success Login
Price Before Sorting : 29.99
Price Before Sorting : 9.99
Price After Sorting : 7.99
Price After Sorting : 9.99]]>
    </system-out>
  </testcase> <!-- sortingPrice -->
  <testcase classname="KennyRamadhan.FlipTest.e2eMobile" name="checkoutNegativeFlow" time="27.282">
    <system-out>
      <![CDATA[Success Login
Negative Flow Success]]>
    </system-out>
  </testcase> <!-- checkoutNegativeFlow -->
  <testcase classname="KennyRamadhan.FlipTest.e2eMobile" name="addProductsFromListing" time="15.638">
    <system-out>
      <![CDATA[Success Login]]>
    </system-out>
  </testcase> <!-- addProductsFromListing -->
  <testcase classname="KennyRamadhan.FlipTest.e2eMobile" name="checkoutPositiveFlow" time="34.263">
    <system-out>
      <![CDATA[Success Login
Total Amount Price Without Taxes : 29.99
Total Amount Price Without Taxes : 39.98
Actual Total Amount : 39.98
Order Completed]]>
    </system-out>
  </testcase> <!-- checkoutPositiveFlow -->
  <testcase classname="KennyRamadhan.FlipTest.e2eMobile" name="verifyDetailsProductIntoCart" time="21.181">
    <system-out>
      <![CDATA[Success Login
Displayed Products : Sauce Labs Backpack]]>
    </system-out>
  </testcase> <!-- verifyDetailsProductIntoCart -->
  <system-out>
    <![CDATA[Success Login
Success Login
Displayed Products : Sauce Labs Backpack
Success Login
Success Login
Negative Flow Success
Success Login
Total Amount Price Without Taxes : 29.99
Total Amount Price Without Taxes : 39.98
Actual Total Amount : 39.98
Order Completed
Failed Login
Success Login
Success Login
Success Back To List Products
Success Login
Price Before Sorting : 29.99
Price Before Sorting : 9.99
Price After Sorting : 7.99
Price After Sorting : 9.99
Success Login
Displayed Products : Sauce Labs Backpack]]>
  </system-out>
</testsuite> <!-- KennyRamadhan.FlipTest.e2eMobile -->
