<?xml version="1.0" encoding="UTF-8"?>
<!-- Generated by org.testng.reporters.JUnitReportReporter -->
<testsuite hostname="KennyMoonlay" failures="0" tests="9" name="KennyRamadhan.FlipTest.e2eMobile" time="273.726" errors="0" timestamp="2024-04-02T00:00:38 WIB" skipped="0">
  <testcase classname="KennyRamadhan.FlipTest.e2eMobile" name="addProductsFromDetails" time="29.746">
    <system-out>
      <![CDATA[Success Login
Choosen Product : Sauce Labs Backpack
Displayed Products : Sauce Labs Backpack]]>
    </system-out>
  </testcase> <!-- addProductsFromDetails -->
  <testcase classname="KennyRamadhan.FlipTest.e2eMobile" name="verifyDetailsProductIntoCart" time="35.662">
    <system-out>
      <![CDATA[Success Login
Choosen Product : Sauce Labs Backpack
Displayed Products : Sauce Labs Backpack
Details Products Matched]]>
    </system-out>
  </testcase> <!-- verifyDetailsProductIntoCart -->
  <testcase classname="KennyRamadhan.FlipTest.e2eMobile" name="addMultipleProducts" time="25.843">
    <system-out>
      <![CDATA[Success Login]]>
    </system-out>
  </testcase> <!-- addMultipleProducts -->
  <testcase classname="KennyRamadhan.FlipTest.e2eMobile" name="addProductsFromListing" time="27.633">
    <system-out>
      <![CDATA[Success Login
Choosen Product : Sauce Labs Backpack
Displayed Products : Sauce Labs Backpack]]>
    </system-out>
  </testcase> <!-- addProductsFromListing -->
  <testcase classname="KennyRamadhan.FlipTest.e2eMobile" name="sortingPrice" time="27.782">
    <system-out>
      <![CDATA[Success Login
Price Before Sorting : 29.99
Price Before Sorting : 9.99
Price After Sorting From Lowest To Highest : 7.99
Price After Sorting From Lowest To Highest : 9.99]]>
    </system-out>
  </testcase> <!-- sortingPrice -->
  <testcase classname="KennyRamadhan.FlipTest.e2eMobile" name="redirectionToProductListing" time="33.811">
    <system-out>
      <![CDATA[Success Login
Success Back To List Products]]>
    </system-out>
  </testcase> <!-- redirectionToProductListing -->
  <testcase classname="KennyRamadhan.FlipTest.e2eMobile" name="failedLogin" time="24.350">
    <system-out>
      <![CDATA[Failed Login]]>
    </system-out>
  </testcase> <!-- failedLogin -->
  <testcase classname="KennyRamadhan.FlipTest.e2eMobile" name="login" time="24.448">
    <system-out>
      <![CDATA[Success Login]]>
    </system-out>
  </testcase> <!-- login -->
  <testcase classname="KennyRamadhan.FlipTest.e2eMobile" name="checkoutPositiveFlow" time="44.451">
    <system-out>
      <![CDATA[Success Login
Total Amount Price Without Taxes : 29.99
Total Amount Price Without Taxes : 39.98
Actual Total Amount : 39.98
Order Completed]]>
    </system-out>
  </testcase> <!-- checkoutPositiveFlow -->
  <system-out>
    <![CDATA[Success Login
Success Login
Choosen Product : Sauce Labs Backpack
Displayed Products : Sauce Labs Backpack
Success Login
Choosen Product : Sauce Labs Backpack
Displayed Products : Sauce Labs Backpack
Success Login
Total Amount Price Without Taxes : 29.99
Total Amount Price Without Taxes : 39.98
Actual Total Amount : 39.98
Order Completed
Failed Login
Success Login
Success Login
Success Back To List Products
Success Login
Price Before Sorting : 29.99
Price Before Sorting : 9.99
Price After Sorting From Lowest To Highest : 7.99
Price After Sorting From Lowest To Highest : 9.99
Success Login
Choosen Product : Sauce Labs Backpack
Displayed Products : Sauce Labs Backpack
Details Products Matched]]>
  </system-out>
</testsuite> <!-- KennyRamadhan.FlipTest.e2eMobile -->
