<?xml version="1.0" encoding="UTF-8"?>
<!-- Generated by org.testng.reporters.JUnitReportReporter -->
<testsuite hostname="KennyMoonlay" failures="0" tests="10" name="KennyRamadhan.FlipTest.e2eMobile" time="254.239" errors="0" timestamp="2024-04-03T06:55:13 WIB" skipped="0">
  <testcase classname="KennyRamadhan.FlipTest.e2eMobile" name="checkoutPositiveFlow" time="40.705">
    <system-out>
      <![CDATA[Success Login
Total Amount Price Without Taxes : 29.99
Total Amount Price Without Taxes : 39.98
Actual Total Amount : 39.98
Order Completed]]>
    </system-out>
  </testcase> <!-- checkoutPositiveFlow -->
  <testcase classname="KennyRamadhan.FlipTest.e2eMobile" name="failedLogin" time="17.456">
    <system-out>
      <![CDATA[Failed Login]]>
    </system-out>
  </testcase> <!-- failedLogin -->
  <testcase classname="KennyRamadhan.FlipTest.e2eMobile" name="login" time="18.977">
    <system-out>
      <![CDATA[Success Login]]>
    </system-out>
  </testcase> <!-- login -->
  <testcase classname="KennyRamadhan.FlipTest.e2eMobile" name="redirectionToProductListing" time="26.333">
    <system-out>
      <![CDATA[Success Login
Success Back To List Products]]>
    </system-out>
  </testcase> <!-- redirectionToProductListing -->
  <testcase classname="KennyRamadhan.FlipTest.e2eMobile" name="sortingPrice" time="21.330">
    <system-out>
      <![CDATA[Success Login
Price Before Sorting : 29.99
Price Before Sorting : 9.99
Price After Sorting : 7.99
Price After Sorting : 9.99]]>
    </system-out>
  </testcase> <!-- sortingPrice -->
  <testcase classname="KennyRamadhan.FlipTest.e2eMobile" name="addMultipleProducts" time="21.104">
    <system-out>
      <![CDATA[Success Login]]>
    </system-out>
  </testcase> <!-- addMultipleProducts -->
  <testcase classname="KennyRamadhan.FlipTest.e2eMobile" name="addProductsFromListing" time="19.882">
    <system-out>
      <![CDATA[Success Login]]>
    </system-out>
  </testcase> <!-- addProductsFromListing -->
  <testcase classname="KennyRamadhan.FlipTest.e2eMobile" name="addProductsFromDetails" time="27.988">
    <system-out>
      <![CDATA[Success Login
Displayed Products : Sauce Labs Backpack]]>
    </system-out>
  </testcase> <!-- addProductsFromDetails -->
  <testcase classname="KennyRamadhan.FlipTest.e2eMobile" name="verifyDetailsProductIntoCart" time="27.970">
    <system-out>
      <![CDATA[Success Login
Displayed Products : Sauce Labs Backpack]]>
    </system-out>
  </testcase> <!-- verifyDetailsProductIntoCart -->
  <testcase classname="KennyRamadhan.FlipTest.e2eMobile" name="checkoutNegativeFlow" time="32.494">
    <system-out>
      <![CDATA[Success Login
Negative Flow Success]]>
    </system-out>
  </testcase> <!-- checkoutNegativeFlow -->
  <system-out>
    <![CDATA[Success Login
Success Login
Displayed Products : Sauce Labs Backpack
Success Login
Success Login
Negative Flow Success
Success Login
Total Amount Price Without Taxes : 29.99
Total Amount Price Without Taxes : 39.98
Actual Total Amount : 39.98
Order Completed
Failed Login
Success Login
Success Login
Success Back To List Products
Success Login
Price Before Sorting : 29.99
Price Before Sorting : 9.99
Price After Sorting : 7.99
Price After Sorting : 9.99
Success Login
Displayed Products : Sauce Labs Backpack]]>
  </system-out>
</testsuite> <!-- KennyRamadhan.FlipTest.e2eMobile -->
